=== puma startup: 2019-05-09 15:25:06 -0400 ===
[4234] - Worker 0 (pid: 4268) booted, phase: 0
Started GET "/" for ::1 at 2019-05-09 15:25:14 -0400
Started GET "/" for ::1 at 2019-05-09 15:25:18 -0400
  
ActiveRecord::ConnectionTimeoutError (could not obtain a connection from the pool within 5.000 seconds (waited 5.000 seconds); all pooled connections were in use):
  
activerecord (5.2.3) lib/active_record/connection_adapters/abstract/connection_pool.rb:201:in `block in wait_poll'
activerecord (5.2.3) lib/active_record/connection_adapters/abstract/connection_pool.rb:190:in `loop'
activerecord (5.2.3) lib/active_record/connection_adapters/abstract/connection_pool.rb:190:in `wait_poll'
activerecord (5.2.3) lib/active_record/connection_adapters/abstract/connection_pool.rb:151:in `internal_poll'
activerecord (5.2.3) lib/active_record/connection_adapters/abstract/connection_pool.rb:277:in `internal_poll'
activerecord (5.2.3) lib/active_record/connection_adapters/abstract/connection_pool.rb:145:in `block in poll'
/home/michel/.rbenv/versions/2.6.1/lib/ruby/2.6.0/monitor.rb:230:in `mon_synchronize'
activerecord (5.2.3) lib/active_record/connection_adapters/abstract/connection_pool.rb:155:in `synchronize'
activerecord (5.2.3) lib/active_record/connection_adapters/abstract/connection_pool.rb:145:in `poll'
activerecord (5.2.3) lib/active_record/connection_adapters/abstract/connection_pool.rb:799:in `acquire_connection'
activerecord (5.2.3) lib/active_record/connection_adapters/abstract/connection_pool.rb:523:in `checkout'
activerecord (5.2.3) lib/active_record/connection_adapters/abstract/connection_pool.rb:382:in `connection'
activerecord (5.2.3) lib/active_record/connection_adapters/abstract/connection_pool.rb:1014:in `retrieve_connection'
activerecord (5.2.3) lib/active_record/connection_handling.rb:118:in `retrieve_connection'
activerecord (5.2.3) lib/active_record/connection_handling.rb:90:in `connection'
activerecord (5.2.3) lib/active_record/migration.rb:554:in `call'
actionpack (5.2.3) lib/action_dispatch/middleware/callbacks.rb:28:in `block in call'
activesupport (5.2.3) lib/active_support/callbacks.rb:98:in `run_callbacks'
actionpack (5.2.3) lib/action_dispatch/middleware/callbacks.rb:26:in `call'
actionpack (5.2.3) lib/action_dispatch/middleware/executor.rb:14:in `call'
actionpack (5.2.3) lib/action_dispatch/middleware/debug_exceptions.rb:61:in `call'
actionpack (5.2.3) lib/action_dispatch/middleware/show_exceptions.rb:33:in `call'
railties (5.2.3) lib/rails/rack/logger.rb:38:in `call_app'
railties (5.2.3) lib/rails/rack/logger.rb:26:in `block in call'
activesupport (5.2.3) lib/active_support/tagged_logging.rb:71:in `block in tagged'
activesupport (5.2.3) lib/active_support/tagged_logging.rb:28:in `tagged'
activesupport (5.2.3) lib/active_support/tagged_logging.rb:71:in `tagged'
railties (5.2.3) lib/rails/rack/logger.rb:26:in `call'
actionpack (5.2.3) lib/action_dispatch/middleware/remote_ip.rb:81:in `call'
actionpack (5.2.3) lib/action_dispatch/middleware/request_id.rb:27:in `call'
rack (2.0.7) lib/rack/runtime.rb:22:in `call'
activesupport (5.2.3) lib/active_support/cache/strategy/local_cache_middleware.rb:29:in `call'
actionpack (5.2.3) lib/action_dispatch/middleware/executor.rb:14:in `call'
actionpack (5.2.3) lib/action_dispatch/middleware/static.rb:127:in `call'
rack (2.0.7) lib/rack/sendfile.rb:111:in `call'
rack-cors (1.0.3) lib/rack/cors.rb:95:in `call'
railties (5.2.3) lib/rails/engine.rb:524:in `call'
puma (3.12.1) lib/puma/configuration.rb:227:in `call'
puma (3.12.1) lib/puma/server.rb:660:in `handle_request'
puma (3.12.1) lib/puma/server.rb:474:in `process_client'
puma (3.12.1) lib/puma/server.rb:334:in `block in run'
puma (3.12.1) lib/puma/thread_pool.rb:135:in `block in spawn_thread'
  
ActiveRecord::ConnectionTimeoutError (could not obtain a connection from the pool within 5.000 seconds (waited 5.000 seconds); all pooled connections were in use):
  
activerecord (5.2.3) lib/active_record/connection_adapters/abstract/connection_pool.rb:201:in `block in wait_poll'
activerecord (5.2.3) lib/active_record/connection_adapters/abstract/connection_pool.rb:190:in `loop'
activerecord (5.2.3) lib/active_record/connection_adapters/abstract/connection_pool.rb:190:in `wait_poll'
activerecord (5.2.3) lib/active_record/connection_adapters/abstract/connection_pool.rb:151:in `internal_poll'
activerecord (5.2.3) lib/active_record/connection_adapters/abstract/connection_pool.rb:277:in `internal_poll'
activerecord (5.2.3) lib/active_record/connection_adapters/abstract/connection_pool.rb:145:in `block in poll'
/home/michel/.rbenv/versions/2.6.1/lib/ruby/2.6.0/monitor.rb:230:in `mon_synchronize'
activerecord (5.2.3) lib/active_record/connection_adapters/abstract/connection_pool.rb:155:in `synchronize'
activerecord (5.2.3) lib/active_record/connection_adapters/abstract/connection_pool.rb:145:in `poll'
activerecord (5.2.3) lib/active_record/connection_adapters/abstract/connection_pool.rb:799:in `acquire_connection'
activerecord (5.2.3) lib/active_record/connection_adapters/abstract/connection_pool.rb:523:in `checkout'
activerecord (5.2.3) lib/active_record/connection_adapters/abstract/connection_pool.rb:382:in `connection'
activerecord (5.2.3) lib/active_record/connection_adapters/abstract/connection_pool.rb:1014:in `retrieve_connection'
activerecord (5.2.3) lib/active_record/connection_handling.rb:118:in `retrieve_connection'
activerecord (5.2.3) lib/active_record/connection_handling.rb:90:in `connection'
activerecord (5.2.3) lib/active_record/migration.rb:554:in `call'
actionpack (5.2.3) lib/action_dispatch/middleware/callbacks.rb:28:in `block in call'
activesupport (5.2.3) lib/active_support/callbacks.rb:98:in `run_callbacks'
actionpack (5.2.3) lib/action_dispatch/middleware/callbacks.rb:26:in `call'
actionpack (5.2.3) lib/action_dispatch/middleware/executor.rb:14:in `call'
actionpack (5.2.3) lib/action_dispatch/middleware/debug_exceptions.rb:61:in `call'
actionpack (5.2.3) lib/action_dispatch/middleware/show_exceptions.rb:33:in `call'
railties (5.2.3) lib/rails/rack/logger.rb:38:in `call_app'
railties (5.2.3) lib/rails/rack/logger.rb:26:in `block in call'
activesupport (5.2.3) lib/active_support/tagged_logging.rb:71:in `block in tagged'
activesupport (5.2.3) lib/active_support/tagged_logging.rb:28:in `tagged'
activesupport (5.2.3) lib/active_support/tagged_logging.rb:71:in `tagged'
railties (5.2.3) lib/rails/rack/logger.rb:26:in `call'
actionpack (5.2.3) lib/action_dispatch/middleware/remote_ip.rb:81:in `call'
actionpack (5.2.3) lib/action_dispatch/middleware/request_id.rb:27:in `call'
rack (2.0.7) lib/rack/runtime.rb:22:in `call'
activesupport (5.2.3) lib/active_support/cache/strategy/local_cache_middleware.rb:29:in `call'
actionpack (5.2.3) lib/action_dispatch/middleware/executor.rb:14:in `call'
actionpack (5.2.3) lib/action_dispatch/middleware/static.rb:127:in `call'
rack (2.0.7) lib/rack/sendfile.rb:111:in `call'
rack-cors (1.0.3) lib/rack/cors.rb:95:in `call'
railties (5.2.3) lib/rails/engine.rb:524:in `call'
puma (3.12.1) lib/puma/configuration.rb:227:in `call'
puma (3.12.1) lib/puma/server.rb:660:in `handle_request'
puma (3.12.1) lib/puma/server.rb:474:in `process_client'
puma (3.12.1) lib/puma/server.rb:334:in `block in run'
puma (3.12.1) lib/puma/thread_pool.rb:135:in `block in spawn_thread'
[4234] - Gracefully shutting down workers...
[4234] === puma shutdown: 2019-05-09 15:26:31 -0400 ===
[4234] - Goodbye!
Exiting
=== puma startup: 2019-05-09 15:26:46 -0400 ===
[4935] - Worker 0 (pid: 4968) booted, phase: 0
Started GET "/" for ::1 at 2019-05-09 15:26:48 -0400
  
ActiveRecord::ConnectionTimeoutError (could not obtain a connection from the pool within 5.000 seconds (waited 5.000 seconds); all pooled connections were in use):
  
activerecord (5.2.3) lib/active_record/connection_adapters/abstract/connection_pool.rb:201:in `block in wait_poll'
activerecord (5.2.3) lib/active_record/connection_adapters/abstract/connection_pool.rb:190:in `loop'
activerecord (5.2.3) lib/active_record/connection_adapters/abstract/connection_pool.rb:190:in `wait_poll'
activerecord (5.2.3) lib/active_record/connection_adapters/abstract/connection_pool.rb:151:in `internal_poll'
activerecord (5.2.3) lib/active_record/connection_adapters/abstract/connection_pool.rb:277:in `internal_poll'
activerecord (5.2.3) lib/active_record/connection_adapters/abstract/connection_pool.rb:145:in `block in poll'
/home/michel/.rbenv/versions/2.6.1/lib/ruby/2.6.0/monitor.rb:230:in `mon_synchronize'
activerecord (5.2.3) lib/active_record/connection_adapters/abstract/connection_pool.rb:155:in `synchronize'
activerecord (5.2.3) lib/active_record/connection_adapters/abstract/connection_pool.rb:145:in `poll'
activerecord (5.2.3) lib/active_record/connection_adapters/abstract/connection_pool.rb:799:in `acquire_connection'
activerecord (5.2.3) lib/active_record/connection_adapters/abstract/connection_pool.rb:523:in `checkout'
activerecord (5.2.3) lib/active_record/connection_adapters/abstract/connection_pool.rb:382:in `connection'
activerecord (5.2.3) lib/active_record/connection_adapters/abstract/connection_pool.rb:1014:in `retrieve_connection'
activerecord (5.2.3) lib/active_record/connection_handling.rb:118:in `retrieve_connection'
activerecord (5.2.3) lib/active_record/connection_handling.rb:90:in `connection'
activerecord (5.2.3) lib/active_record/migration.rb:554:in `call'
actionpack (5.2.3) lib/action_dispatch/middleware/callbacks.rb:28:in `block in call'
activesupport (5.2.3) lib/active_support/callbacks.rb:98:in `run_callbacks'
actionpack (5.2.3) lib/action_dispatch/middleware/callbacks.rb:26:in `call'
actionpack (5.2.3) lib/action_dispatch/middleware/executor.rb:14:in `call'
actionpack (5.2.3) lib/action_dispatch/middleware/debug_exceptions.rb:61:in `call'
actionpack (5.2.3) lib/action_dispatch/middleware/show_exceptions.rb:33:in `call'
railties (5.2.3) lib/rails/rack/logger.rb:38:in `call_app'
railties (5.2.3) lib/rails/rack/logger.rb:26:in `block in call'
activesupport (5.2.3) lib/active_support/tagged_logging.rb:71:in `block in tagged'
activesupport (5.2.3) lib/active_support/tagged_logging.rb:28:in `tagged'
activesupport (5.2.3) lib/active_support/tagged_logging.rb:71:in `tagged'
railties (5.2.3) lib/rails/rack/logger.rb:26:in `call'
actionpack (5.2.3) lib/action_dispatch/middleware/remote_ip.rb:81:in `call'
actionpack (5.2.3) lib/action_dispatch/middleware/request_id.rb:27:in `call'
rack (2.0.7) lib/rack/runtime.rb:22:in `call'
activesupport (5.2.3) lib/active_support/cache/strategy/local_cache_middleware.rb:29:in `call'
actionpack (5.2.3) lib/action_dispatch/middleware/executor.rb:14:in `call'
actionpack (5.2.3) lib/action_dispatch/middleware/static.rb:127:in `call'
rack (2.0.7) lib/rack/sendfile.rb:111:in `call'
rack-cors (1.0.3) lib/rack/cors.rb:95:in `call'
railties (5.2.3) lib/rails/engine.rb:524:in `call'
puma (3.12.1) lib/puma/configuration.rb:227:in `call'
puma (3.12.1) lib/puma/server.rb:660:in `handle_request'
puma (3.12.1) lib/puma/server.rb:474:in `process_client'
puma (3.12.1) lib/puma/server.rb:334:in `block in run'
puma (3.12.1) lib/puma/thread_pool.rb:135:in `block in spawn_thread'
Started GET "/favicon.ico" for ::1 at 2019-05-09 15:26:53 -0400
  
ActiveRecord::ConnectionTimeoutError (could not obtain a connection from the pool within 5.000 seconds (waited 5.000 seconds); all pooled connections were in use):
  
activerecord (5.2.3) lib/active_record/connection_adapters/abstract/connection_pool.rb:201:in `block in wait_poll'
activerecord (5.2.3) lib/active_record/connection_adapters/abstract/connection_pool.rb:190:in `loop'
activerecord (5.2.3) lib/active_record/connection_adapters/abstract/connection_pool.rb:190:in `wait_poll'
activerecord (5.2.3) lib/active_record/connection_adapters/abstract/connection_pool.rb:151:in `internal_poll'
activerecord (5.2.3) lib/active_record/connection_adapters/abstract/connection_pool.rb:277:in `internal_poll'
activerecord (5.2.3) lib/active_record/connection_adapters/abstract/connection_pool.rb:145:in `block in poll'
/home/michel/.rbenv/versions/2.6.1/lib/ruby/2.6.0/monitor.rb:230:in `mon_synchronize'
activerecord (5.2.3) lib/active_record/connection_adapters/abstract/connection_pool.rb:155:in `synchronize'
activerecord (5.2.3) lib/active_record/connection_adapters/abstract/connection_pool.rb:145:in `poll'
activerecord (5.2.3) lib/active_record/connection_adapters/abstract/connection_pool.rb:799:in `acquire_connection'
activerecord (5.2.3) lib/active_record/connection_adapters/abstract/connection_pool.rb:523:in `checkout'
activerecord (5.2.3) lib/active_record/connection_adapters/abstract/connection_pool.rb:382:in `connection'
activerecord (5.2.3) lib/active_record/connection_adapters/abstract/connection_pool.rb:1014:in `retrieve_connection'
activerecord (5.2.3) lib/active_record/connection_handling.rb:118:in `retrieve_connection'
activerecord (5.2.3) lib/active_record/connection_handling.rb:90:in `connection'
activerecord (5.2.3) lib/active_record/migration.rb:554:in `call'
actionpack (5.2.3) lib/action_dispatch/middleware/callbacks.rb:28:in `block in call'
activesupport (5.2.3) lib/active_support/callbacks.rb:98:in `run_callbacks'
actionpack (5.2.3) lib/action_dispatch/middleware/callbacks.rb:26:in `call'
actionpack (5.2.3) lib/action_dispatch/middleware/executor.rb:14:in `call'
actionpack (5.2.3) lib/action_dispatch/middleware/debug_exceptions.rb:61:in `call'
actionpack (5.2.3) lib/action_dispatch/middleware/show_exceptions.rb:33:in `call'
railties (5.2.3) lib/rails/rack/logger.rb:38:in `call_app'
railties (5.2.3) lib/rails/rack/logger.rb:26:in `block in call'
activesupport (5.2.3) lib/active_support/tagged_logging.rb:71:in `block in tagged'
activesupport (5.2.3) lib/active_support/tagged_logging.rb:28:in `tagged'
activesupport (5.2.3) lib/active_support/tagged_logging.rb:71:in `tagged'
railties (5.2.3) lib/rails/rack/logger.rb:26:in `call'
actionpack (5.2.3) lib/action_dispatch/middleware/remote_ip.rb:81:in `call'
actionpack (5.2.3) lib/action_dispatch/middleware/request_id.rb:27:in `call'
rack (2.0.7) lib/rack/runtime.rb:22:in `call'
activesupport (5.2.3) lib/active_support/cache/strategy/local_cache_middleware.rb:29:in `call'
actionpack (5.2.3) lib/action_dispatch/middleware/executor.rb:14:in `call'
actionpack (5.2.3) lib/action_dispatch/middleware/static.rb:127:in `call'
rack (2.0.7) lib/rack/sendfile.rb:111:in `call'
rack-cors (1.0.3) lib/rack/cors.rb:95:in `call'
railties (5.2.3) lib/rails/engine.rb:524:in `call'
puma (3.12.1) lib/puma/configuration.rb:227:in `call'
puma (3.12.1) lib/puma/server.rb:660:in `handle_request'
puma (3.12.1) lib/puma/server.rb:474:in `process_client'
puma (3.12.1) lib/puma/server.rb:334:in `block in run'
puma (3.12.1) lib/puma/thread_pool.rb:135:in `block in spawn_thread'
[4935] - Gracefully shutting down workers...
[4935] === puma shutdown: 2019-05-09 15:27:09 -0400 ===
[4935] - Goodbye!
Exiting
=== puma startup: 2019-05-09 15:27:21 -0400 ===
[5156] - Worker 0 (pid: 5202) booted, phase: 0
Started GET "/" for ::1 at 2019-05-09 15:27:24 -0400
Processing by Rails::WelcomeController#index as HTML
  Rendering /home/michel/.rbenv/versions/2.6.1/lib/ruby/gems/2.6.0/gems/railties-5.2.3/lib/rails/templates/rails/welcome/index.html.erb
  Rendered /home/michel/.rbenv/versions/2.6.1/lib/ruby/gems/2.6.0/gems/railties-5.2.3/lib/rails/templates/rails/welcome/index.html.erb (3.2ms)
Completed 200 OK in 8ms (Views: 7.1ms | ActiveRecord: 0.0ms)


Started GET "/favicon.ico" for ::1 at 2019-05-09 15:27:24 -0400
  
ActionController::RoutingError (No route matches [GET] "/favicon.ico"):
  
actionpack (5.2.3) lib/action_dispatch/middleware/debug_exceptions.rb:65:in `call'
actionpack (5.2.3) lib/action_dispatch/middleware/show_exceptions.rb:33:in `call'
railties (5.2.3) lib/rails/rack/logger.rb:38:in `call_app'
railties (5.2.3) lib/rails/rack/logger.rb:26:in `block in call'
activesupport (5.2.3) lib/active_support/tagged_logging.rb:71:in `block in tagged'
activesupport (5.2.3) lib/active_support/tagged_logging.rb:28:in `tagged'
activesupport (5.2.3) lib/active_support/tagged_logging.rb:71:in `tagged'
railties (5.2.3) lib/rails/rack/logger.rb:26:in `call'
actionpack (5.2.3) lib/action_dispatch/middleware/remote_ip.rb:81:in `call'
actionpack (5.2.3) lib/action_dispatch/middleware/request_id.rb:27:in `call'
rack (2.0.7) lib/rack/runtime.rb:22:in `call'
activesupport (5.2.3) lib/active_support/cache/strategy/local_cache_middleware.rb:29:in `call'
actionpack (5.2.3) lib/action_dispatch/middleware/executor.rb:14:in `call'
actionpack (5.2.3) lib/action_dispatch/middleware/static.rb:127:in `call'
rack (2.0.7) lib/rack/sendfile.rb:111:in `call'
rack-cors (1.0.3) lib/rack/cors.rb:95:in `call'
railties (5.2.3) lib/rails/engine.rb:524:in `call'
puma (3.12.1) lib/puma/configuration.rb:227:in `call'
puma (3.12.1) lib/puma/server.rb:660:in `handle_request'
puma (3.12.1) lib/puma/server.rb:474:in `process_client'
puma (3.12.1) lib/puma/server.rb:334:in `block in run'
puma (3.12.1) lib/puma/thread_pool.rb:135:in `block in spawn_thread'
[5156] - Gracefully shutting down workers...
[5156] === puma shutdown: 2019-05-09 15:28:29 -0400 ===
[5156] - Goodbye!
Exiting
